Using pre-set license
Built from '2020.3/staging' branch; Version is '2020.3.3f1 (76626098c1c4) revision 7758432'; Using compiler version '192528614'; Build Type 'Release'
OS: 'Windows 10 Pro; OS build 19042.985; Version 2009; 64bit' Language: 'en' Physical Memory: 16263 MB
BatchMode: 1, IsHumanControllingUs: 0, StartBugReporterOnCrash: 0, Is64bit: 1, IsPro: 0

 COMMAND LINE ARGUMENTS:
C:\Program Files\Unity\Hub\Editor\2020.3.3f1\Editor\Unity.exe
-adb2
-batchMode
-noUpm
-name
AssetImportWorker0
-projectPath
D:/BME/Szorakoztato/BasicPlatformerGame
-logFile
Logs/AssetImportWorker0.log
-srvPort
55536
Successfully changed project path to: D:/BME/Szorakoztato/BasicPlatformerGame
D:/BME/Szorakoztato/BasicPlatformerGame
Using Asset Import Pipeline V2.
Refreshing native plugins compatible for Editor in 82.04 ms, found 1 plugins.
Preloading 0 native plugins for Editor in 0.00 ms.
Initialize engine version: 2020.3.3f1 (76626098c1c4)
[Subsystems] Discovering subsystems at path C:/Program Files/Unity/Hub/Editor/2020.3.3f1/Editor/Data/Resources/UnitySubsystems
[Subsystems] Discovering subsystems at path D:/BME/Szorakoztato/BasicPlatformerGame/Assets
GfxDevice: creating device client; threaded=0
Direct3D:
    Version:  Direct3D 11.0 [level 11.1]
    Renderer: Intel(R) HD Graphics 620 (ID=0x5916)
    Vendor:   
    VRAM:     8131 MB
    Driver:   27.20.100.8854
Initialize mono
Mono path[0] = 'C:/Program Files/Unity/Hub/Editor/2020.3.3f1/Editor/Data/Managed'
Mono path[1] = 'C:/Program Files/Unity/Hub/Editor/2020.3.3f1/Editor/Data/MonoBleedingEdge/lib/mono/unityjit'
Mono config path = 'C:/Program Files/Unity/Hub/Editor/2020.3.3f1/Editor/Data/MonoBleedingEdge/etc'
Using monoOptions --debugger-agent=transport=dt_socket,embedding=1,server=y,suspend=n,address=127.0.0.1:56932
Begin MonoManager ReloadAssembly
Registering precompiled unity dll's ...
Register platform support module: C:/Program Files/Unity/Hub/Editor/2020.3.3f1/Editor/Data/PlaybackEngines/WebGLSupport/UnityEditor.WebGL.Extensions.dll
Register platform support module: C:/Program Files/Unity/Hub/Editor/2020.3.3f1/Editor/Data/PlaybackEngines/WindowsStandaloneSupport/UnityEditor.WindowsStandalone.Extensions.dll
Registered in 0.003192 seconds.
Native extension for WindowsStandalone target not found
Native extension for WebGL target not found
Refreshing native plugins compatible for Editor in 75.85 ms, found 1 plugins.
Preloading 0 native plugins for Editor in 0.00 ms.
Invoked RoslynAnalysisRunner static constructor.
RoslynAnalysisRunner will not be running.
RoslynAnalysisRunner has terminated.
Mono: successfully reloaded assembly
- Completed reload, in  1.851 seconds
Platform modules already initialized, skipping
Registering precompiled user dll's ...
Registered in 0.001516 seconds.
Begin MonoManager ReloadAssembly
Native extension for WindowsStandalone target not found
Native extension for WebGL target not found
Refreshing native plugins compatible for Editor in 115.37 ms, found 1 plugins.
Preloading 0 native plugins for Editor in 0.00 ms.
Invoked RoslynAnalysisRunner static constructor.
RoslynAnalysisRunner will not be running.
RoslynAnalysisRunner has terminated.
Mono: successfully reloaded assembly
- Completed reload, in  3.237 seconds
Platform modules already initialized, skipping
========================================================================
Worker process is ready to serve import requests
Launched and connected shader compiler UnityShaderCompiler.exe after 0.12 seconds
Refreshing native plugins compatible for Editor in 0.84 ms, found 1 plugins.
Preloading 0 native plugins for Editor in 0.00 ms.
Unloading 1813 Unused Serialized files (Serialized files now loaded: 0)
System memory in use before: 85.4 MB.
System memory in use after: 85.4 MB.

Unloading 23 unused Assets to reduce memory usage. Loaded Objects now: 2259.
Total: 3.726500 ms (FindLiveObjects: 0.295800 ms CreateObjectMapping: 0.181000 ms MarkObjects: 3.084300 ms  DeleteObjects: 0.163500 ms)

========================================================================
Received Import Request.
  path: Assets/Scripts/Controller.cs
  artifactKey: Guid(1d382972a4df1534e92606995ec86dff) Importer(815301076,1909f56bfc062723c751e8b465ee728b)
Start importing Assets/Scripts/Controller.cs using Guid(1d382972a4df1534e92606995ec86dff) Importer(815301076,1909f56bfc062723c751e8b465ee728b)  -> (artifact id: 'a34355075d383fcf243035476993a79b') in 0.079376 seconds
  Import took 0.085297 seconds .

========================================================================
Received Prepare
Refreshing native plugins compatible for Editor in 2.62 ms, found 1 plugins.
Preloading 0 native plugins for Editor in 0.00 ms.
Unloading 10 Unused Serialized files (Serialized files now loaded: 0)
System memory in use before: 49.7 MB.
System memory in use after: 49.7 MB.

Unloading 10 unused Assets to reduce memory usage. Loaded Objects now: 2259.
Total: 4.266700 ms (FindLiveObjects: 0.348100 ms CreateObjectMapping: 0.124500 ms MarkObjects: 3.603300 ms  DeleteObjects: 0.188300 ms)

========================================================================
Received Import Request.
  Time since last request: 10.191063 seconds.
  path: Assets/Scripts/EnemyMovement.cs
  artifactKey: Guid(766b3a3f24a40234c9622dbab832e7ab) Importer(815301076,1909f56bfc062723c751e8b465ee728b)
Start importing Assets/Scripts/EnemyMovement.cs using Guid(766b3a3f24a40234c9622dbab832e7ab) Importer(815301076,1909f56bfc062723c751e8b465ee728b)  -> (artifact id: '3e6c2f32ec52275d26bb768f52fc4e6f') in 0.016892 seconds
  Import took 0.041356 seconds .

========================================================================
Received Import Request.
  Time since last request: 21.401930 seconds.
  path: Assets/Scripts/Menu.cs
  artifactKey: Guid(e16ca146fe775184ca8b850b9363dfcd) Importer(815301076,1909f56bfc062723c751e8b465ee728b)
Start importing Assets/Scripts/Menu.cs using Guid(e16ca146fe775184ca8b850b9363dfcd) Importer(815301076,1909f56bfc062723c751e8b465ee728b)  -> (artifact id: '2b1e4fb6ff067bd501314898239ba17d') in 0.014727 seconds
  Import took 0.020943 seconds .

========================================================================
Received Import Request.
  Time since last request: 0.000647 seconds.
  path: Assets/Scripts/Menu.cs
  artifactKey: Guid(e16ca146fe775184ca8b850b9363dfcd) Importer(815301076,1909f56bfc062723c751e8b465ee728b)
Start importing Assets/Scripts/Menu.cs using Guid(e16ca146fe775184ca8b850b9363dfcd) Importer(815301076,1909f56bfc062723c751e8b465ee728b)  -> (artifact id: '2b1e4fb6ff067bd501314898239ba17d') in 0.006240 seconds
  Import took 0.018052 seconds .

========================================================================
Received Import Request.
  Time since last request: 6.529446 seconds.
  path: Assets/Scripts/Movement.cs
  artifactKey: Guid(65d739b9c72a5b3488078e505009c8d7) Importer(815301076,1909f56bfc062723c751e8b465ee728b)
Start importing Assets/Scripts/Movement.cs using Guid(65d739b9c72a5b3488078e505009c8d7) Importer(815301076,1909f56bfc062723c751e8b465ee728b)  -> (artifact id: 'dfb02089c8987dc106c2f128ec5c7ce6') in 0.025468 seconds
  Import took 0.030838 seconds .

========================================================================
Received Import Request.
  Time since last request: 0.001162 seconds.
  path: Assets/Scripts/Movement.cs
  artifactKey: Guid(65d739b9c72a5b3488078e505009c8d7) Importer(815301076,1909f56bfc062723c751e8b465ee728b)
Start importing Assets/Scripts/Movement.cs using Guid(65d739b9c72a5b3488078e505009c8d7) Importer(815301076,1909f56bfc062723c751e8b465ee728b)  -> (artifact id: 'dfb02089c8987dc106c2f128ec5c7ce6') in 0.011315 seconds
  Import took 0.016440 seconds .

AssetImportWorkerClient::OnTransportError - code=2 error=End of file
